2015-11-02 8:59:49 - MOD: Modification Default
FILE: system/engine/action.php
REGEX: ~(require|include)(_once)?\(([^)]+)~
LINE: 39
FILE: system/engine/loader.php
REGEX: ~(require|include)(_once)?\(([^)]+)~
LINE: 20
LINE: 59
LINE: 80
LINE: 99
FILE: system/library/config.php
REGEX: ~(require|include)(_once)?\(([^)]+)~
LINE: 23
FILE: system/library/language.php
REGEX: ~(require|include)(_once)?\(([^)]+)~
LINE: 25
LINE: 31
----------------------------------------------------------------
MOD: Change-MP-Paths
FILE: catalog/controller/common/seo_url.php
CODE: $this->request->get['route'] = 'error/not_found';
LINE: 117
CODE: } elseif ($key == 'path') {
LINE: 250
----------------------------------------------------------------
MOD: Webkul Marketplace
FILE: admin/controller/common/menu.php
CODE: return $this->load->view('common/menu.tpl', $data);
LINE: 223
FILE: admin/view/template/common/menu.tpl
CODE: <li id="catalog"><a class="parent"><i class="fa fa-tags fa-fw"></i> <span><?php echo $text_catalog; ?></span></a>
LINE: 18
FILE: admin/model/catalog/product.php
CODE: $this->db->query("DELETE FROM " . DB_PREFIX . "review WHERE product_id = '" . (int)$product_id . "'");
LINE: 336
FILE: admin/controller/sale/order.php
CODE: $data['products'][] = array(
LINE: 998
CODE: $data['order_products'][] = array(
LINE: 538
FILE: catalog/controller/common/header.php
CODE: $data['checkout'] = $this->url->link('checkout/checkout', '', 'SSL');
LINE: 110
FILE: catalog/view/theme/default/template/common/header.tpl
CODE: <li class="dropdown"><a href="<?php echo $account; ?>"
LINE: 80
FILE: catalog/controller/account/register.php
CODE: $data['column_left'] = $this->load->controller('common/column_left');
LINE: 377
CODE: public function validate() {
NOT FOUND!
CODE: unset($this->session->data['guest']);
LINE: 36
FILE: catalog/view/theme/default/template/account/register.tpl
CODE: <?php if ($text_agree) { ?>
LINE: 578
FILE: system/library/customer.php
CODE: unset($this->session->data['customer_id']);
LINE: 77
FILE: catalog/model/checkout/order.php
CODE: // Admin Alert Mail
LINE: 692
CODE: $customer_info = $this->model_account_customer->getCustomer($order_info['customer_id']);
LINE: 287
CODE: $message .= $language->get('text_update_order_status') . "\n\n";
LINE: 828
CODE: $message .= $language->get('text_update_comment') . "\n\n";
LINE: 844
CODE: $message .= $language->get('text_update_link') . "\n";
LINE: 842
CODE: $message .= $language->get('text_update_link') . "\n";
LINE: 845
FILE: catalog/language/english/mail/order.php
CODE: $_['text_update_footer']        = 'Please reply to this email if you have any questions.';
LINE: 38
FILE: admin/view/template/catalog/product_form.tpl
CODE: <li><a href="#tab-design" data-toggle="tab"><?php echo $tab_design; ?></a></li>
LINE: 49
CODE: <div class="tab-pane" id="tab-design">
LINE: 885
FILE: admin/controller/catalog/product.php
CODE: $this->response->setOutput($this->load->view('catalog/product_form.tpl', $data));
LINE: 1305
CODE: $this->model_catalog_product->editProduct($this->request->get['product_id'], $this->request->post);
LINE: 86
CODE: $this->model_catalog_product->addProduct($this->request->post);
LINE: 22
CODE: $this->event->trigger('post.order.delete', $order_id);
LINE: 131
FILE: catalog/controller/product/product.php
CODE: $data['tags'] = array();
LINE: 481
FILE: catalog/model/catalog/product.php
CODE: class ModelCatalogProduct extends Model {
LINE: 22
FILE: catalog/view/theme/default/template/product/product.tpl
CODE: <li><?php echo $text_stock; ?> <?php echo $stock; ?></li>
LINE: 143
----------------------------------------------------------------
